A D/altlocs////
A D/antivirus////
A D/archive////
A D/auth////
A D/bootstrap////
A D/browser////
A D/caas////
A D/chat////
A D/connection////
A D/daap////
A D/dht////
A D/dime////
A D/downloader////
A D/encryption////
A D/filters////
A D/geocode////
A D/guess////
A D/handshaking////
A D/html////
A D/http////
A D/image////
A D/interceptor////
A D/io////
A D/library////
A D/licenses////
A D/lws////
A D/mail////
A D/malware////
A D/message////
A D/messagehandlers////
A D/messages////
A D/metadata////
A D/mp3////
A D/net////
A D/plugin////
A D/plugins////
A D/privategroups////
A D/routing////
A D/rpc////
A D/rudp////
A D/search////
A D/security////
A D/service////
A D/settings////
A D/simpp////
A D/snippet////
A D/spam////
A D/statistics////
A D/store////
A D/templates////
A D/tests////
A D/tigertree////
A D/torrent////
A D/udp////
A D/udpconnect////
A D/updates////
A D/upelection////
A D/uploader////
A D/util////
A D/version////
A D/websearch////
A D/xml////
A D/xmpp////
R D/xmpp////
R D/websearch////
R D/upelection////
R D/udp////
R D/torrent////
R D/tests////
R D/store////
R D/snippet////
R D/service////
R D/rpc////
R D/privategroups////
R D/plugins////
R D/plugin////
R D/message////
R D/mail////
R D/interceptor////
R D/image////
R D/encryption////
R D/chat////
R D/caas////
R D/antivirus////
