A D/actions////
A D/activation////
A D/banner////
A D/border////
A D/browser////
A D/caas////
A D/callback////
A D/chat////
A D/config////
A D/connection////
A D/daap////
A D/dht////
A D/dnd////
A D/dock////
A D/download////
A D/feedreader////
A D/images////
A D/init////
A D/layout////
A D/library////
A D/logging////
A D/menu////
A D/mp3////
A D/notify////
A D/options////
A D/playlist////
A D/plugin////
A D/privategroups////
A D/properties////
A D/resources////
A D/search////
A D/sharing////
A D/shell////
A D/startup////
A D/statistics////
A D/swingbrowser////
A D/swtbrowser////
A D/tables////
A D/tabs////
A D/themes////
A D/transfer////
A D/tray////
A D/trees////
A D/upload////
A D/util////
A D/websearch////
A D/wizard////
A D/xml////
A D/xmpp////
R D/xmpp////
R D/websearch////
R D/tray////
R D/transfer////
R D/swtbrowser////
R D/statistics////
R D/resources////
R D/privategroups////
R D/plugin////
R D/images////
R D/feedreader////
R D/dht////
R D/daap////
R D/config////
R D/callback////
R D/caas////
R D/browser////
R D/activation////
