A D/antivirus////
A D/caas////
A D/encryption////
A D/image////
A D/interceptor////
A D/mail////
A D/message////
A D/plugin////
A D/plugins////
A D/privategroups////
A D/rpc////
A D/service////
A D/snippet////
A D/store////
A D/tests////
A D/torrent////
A D/udp////
A D/upelection////
A D/websearch////
A D/xmpp////
R D/xmpp////
R D/websearch////
R D/upelection////
R D/udp////
R D/torrent////
R D/tests////
R D/store////
R D/snippet////
R D/service////
R D/rpc////
R D/privategroups////
R D/plugins////
R D/plugin////
R D/message////
R D/mail////
R D/interceptor////
R D/image////
R D/encryption////
R D/chat////
R D/caas////
R D/antivirus////
