A D/activation////
A D/collection////
A D/common////
A D/core-api////
A D/core-glue////
A D/core-settings////
A D/filemanager////
A D/geocode////
A D/gnutella////
A D/http////
A D/io////
A D/jingle////
A D/lwsserver////
A D/mojito////
A D/mojito-ui////
A D/net////
A D/nio////
A D/player////
A D/player-api////
A D/private-groups////
A D/privategroups////
A D/promotion////
A D/resources////
A D/rudp////
A D/security////
A D/setting////
A D/statistic////
A D/storeserver////
A D/swarm////
A D/test-util////
A D/xmpp////
A D/xmpp-api////
R D/storeserver////
R D/privategroups////
R D/private-groups////
R D/gnutella////
R D/filemanager////
R D/activation////
