A D/action////
A D/advanced////
A D/browser////
A D/callback////
A D/components////
A D/dnd////
A D/dock////
A D/downloads////
A D/event////
A D/friends////
A D/home////
A D/images////
A D/library////
A D/listener////
A D/lists////
A D/mainframe////
A D/menu////
A D/nav////
A D/options////
A D/painter////
A D/player////
A D/pro////
A D/properties////
A D/search////
A D/sharing////
A D/shell////
A D/sound////
A D/statusbar////
A D/table////
A D/tray////
A D/update////
A D/upload////
A D/util////
A D/wizard////
A D/xmpp////
R D/xmpp////
R D/sharing////
